[0.647s] Invoking command in '/home/bprobst/ros2_ws/src/my_py_pkg': PYTHONPATH=/home/bprobst/ros2_ws/build/my_py_pkg/prefix_override:/home/bprobst/ros2_ws/install/my_py_pkg/lib/python3.10/site-packages:${PYTHONPATH} /usr/bin/python3 setup.py egg_info --egg-base ../../build/my_py_pkg build --build-base /home/bprobst/ros2_ws/build/my_py_pkg/build install --record /home/bprobst/ros2_ws/build/my_py_pkg/install.log --single-version-externally-managed
[0.806s] running egg_info
[0.807s] writing ../../build/my_py_pkg/my_py_pkg.egg-info/PKG-INFO
[0.807s] writing dependency_links to ../../build/my_py_pkg/my_py_pkg.egg-info/dependency_links.txt
[0.807s] writing entry points to ../../build/my_py_pkg/my_py_pkg.egg-info/entry_points.txt
[0.807s] writing requirements to ../../build/my_py_pkg/my_py_pkg.egg-info/requires.txt
[0.807s] writing top-level names to ../../build/my_py_pkg/my_py_pkg.egg-info/top_level.txt
[0.808s] reading manifest file '../../build/my_py_pkg/my_py_pkg.egg-info/SOURCES.txt'
[0.809s] writing manifest file '../../build/my_py_pkg/my_py_pkg.egg-info/SOURCES.txt'
[0.809s] running build
[0.809s] running build_py
[0.810s] running install
[0.810s] running install_lib
[0.810s] running install_data
[0.811s] running install_egg_info
[0.812s] removing '/home/bprobst/ros2_ws/install/my_py_pkg/lib/python3.10/site-packages/my_py_pkg-0.0.0-py3.10.egg-info' (and everything under it)
[0.812s] Copying ../../build/my_py_pkg/my_py_pkg.egg-info to /home/bprobst/ros2_ws/install/my_py_pkg/lib/python3.10/site-packages/my_py_pkg-0.0.0-py3.10.egg-info
[0.813s] running install_scripts
[0.826s] writing list of installed files to '/home/bprobst/ros2_ws/build/my_py_pkg/install.log'
[0.852s] Invoked command in '/home/bprobst/ros2_ws/src/my_py_pkg' returned '0': PYTHONPATH=/home/bprobst/ros2_ws/build/my_py_pkg/prefix_override:/home/bprobst/ros2_ws/install/my_py_pkg/lib/python3.10/site-packages:${PYTHONPATH} /usr/bin/python3 setup.py egg_info --egg-base ../../build/my_py_pkg build --build-base /home/bprobst/ros2_ws/build/my_py_pkg/build install --record /home/bprobst/ros2_ws/build/my_py_pkg/install.log --single-version-externally-managed
