[0.552s] Invoking command in '/home/bprobst/ros2_ws/src/my_py_pkg': PYTHONPATH=/home/bprobst/ros2_ws/build/my_py_pkg/prefix_override:/home/bprobst/ros2_ws/install/my_py_pkg/lib/python3.10/site-packages:${PYTHONPATH} /usr/bin/python3 setup.py egg_info --egg-base ../../build/my_py_pkg build --build-base /home/bprobst/ros2_ws/build/my_py_pkg/build install --record /home/bprobst/ros2_ws/build/my_py_pkg/install.log --single-version-externally-managed
[0.722s] running egg_info
[0.723s] writing ../../build/my_py_pkg/my_py_pkg.egg-info/PKG-INFO
[0.723s] writing dependency_links to ../../build/my_py_pkg/my_py_pkg.egg-info/dependency_links.txt
[0.723s] writing entry points to ../../build/my_py_pkg/my_py_pkg.egg-info/entry_points.txt
[0.723s] writing requirements to ../../build/my_py_pkg/my_py_pkg.egg-info/requires.txt
[0.723s] writing top-level names to ../../build/my_py_pkg/my_py_pkg.egg-info/top_level.txt
[0.724s] reading manifest file '../../build/my_py_pkg/my_py_pkg.egg-info/SOURCES.txt'
[0.725s] writing manifest file '../../build/my_py_pkg/my_py_pkg.egg-info/SOURCES.txt'
[0.725s] running build
[0.725s] running build_py
[0.725s] running install
[0.726s] running install_lib
[0.726s] running install_data
[0.727s] running install_egg_info
[0.728s] removing '/home/bprobst/ros2_ws/install/my_py_pkg/lib/python3.10/site-packages/my_py_pkg-0.0.0-py3.10.egg-info' (and everything under it)
[0.728s] Copying ../../build/my_py_pkg/my_py_pkg.egg-info to /home/bprobst/ros2_ws/install/my_py_pkg/lib/python3.10/site-packages/my_py_pkg-0.0.0-py3.10.egg-info
[0.729s] running install_scripts
[0.745s] writing list of installed files to '/home/bprobst/ros2_ws/build/my_py_pkg/install.log'
[0.771s] Invoked command in '/home/bprobst/ros2_ws/src/my_py_pkg' returned '0': PYTHONPATH=/home/bprobst/ros2_ws/build/my_py_pkg/prefix_override:/home/bprobst/ros2_ws/install/my_py_pkg/lib/python3.10/site-packages:${PYTHONPATH} /usr/bin/python3 setup.py egg_info --egg-base ../../build/my_py_pkg build --build-base /home/bprobst/ros2_ws/build/my_py_pkg/build install --record /home/bprobst/ros2_ws/build/my_py_pkg/install.log --single-version-externally-managed
