[0.676s] Invoking command in '/home/bprobst/ros2_ws/src/my_py_pkg': PYTHONPATH=/home/bprobst/ros2_ws/build/my_py_pkg/prefix_override:/home/bprobst/ros2_ws/install/my_py_pkg/lib/python3.10/site-packages:${PYTHONPATH} /usr/bin/python3 setup.py egg_info --egg-base ../../build/my_py_pkg build --build-base /home/bprobst/ros2_ws/build/my_py_pkg/build install --record /home/bprobst/ros2_ws/build/my_py_pkg/install.log --single-version-externally-managed
[0.836s] running egg_info
[0.836s] creating ../../build/my_py_pkg/my_py_pkg.egg-info
[0.837s] writing ../../build/my_py_pkg/my_py_pkg.egg-info/PKG-INFO
[0.837s] writing dependency_links to ../../build/my_py_pkg/my_py_pkg.egg-info/dependency_links.txt
[0.837s] writing entry points to ../../build/my_py_pkg/my_py_pkg.egg-info/entry_points.txt
[0.838s] writing requirements to ../../build/my_py_pkg/my_py_pkg.egg-info/requires.txt
[0.838s] writing top-level names to ../../build/my_py_pkg/my_py_pkg.egg-info/top_level.txt
[0.838s] writing manifest file '../../build/my_py_pkg/my_py_pkg.egg-info/SOURCES.txt'
[0.839s] reading manifest file '../../build/my_py_pkg/my_py_pkg.egg-info/SOURCES.txt'
[0.839s] writing manifest file '../../build/my_py_pkg/my_py_pkg.egg-info/SOURCES.txt'
[0.840s] running build
[0.840s] running build_py
[0.840s] creating /home/bprobst/ros2_ws/build/my_py_pkg/build
[0.840s] creating /home/bprobst/ros2_ws/build/my_py_pkg/build/lib
[0.840s] creating /home/bprobst/ros2_ws/build/my_py_pkg/build/lib/my_py_pkg
[0.840s] copying my_py_pkg/__init__.py -> /home/bprobst/ros2_ws/build/my_py_pkg/build/lib/my_py_pkg
[0.841s] running install
[0.841s] /usr/lib/python3/dist-packages/setuptools/command/install.py:34: SetuptoolsDeprecationWarning: setup.py install is deprecated. Use build and pip and other standards-based tools.
[0.841s]   warnings.warn(
[0.841s] running install_lib
[0.841s] creating /home/bprobst/ros2_ws/install/my_py_pkg/lib/python3.10/site-packages/my_py_pkg
[0.842s] copying /home/bprobst/ros2_ws/build/my_py_pkg/build/lib/my_py_pkg/__init__.py -> /home/bprobst/ros2_ws/install/my_py_pkg/lib/python3.10/site-packages/my_py_pkg
[0.842s] byte-compiling /home/bprobst/ros2_ws/install/my_py_pkg/lib/python3.10/site-packages/my_py_pkg/__init__.py to __init__.cpython-310.pyc
[0.842s] running install_data
[0.843s] creating /home/bprobst/ros2_ws/install/my_py_pkg/share/ament_index
[0.843s] creating /home/bprobst/ros2_ws/install/my_py_pkg/share/ament_index/resource_index
[0.843s] creating /home/bprobst/ros2_ws/install/my_py_pkg/share/ament_index/resource_index/packages
[0.843s] copying resource/my_py_pkg -> /home/bprobst/ros2_ws/install/my_py_pkg/share/ament_index/resource_index/packages
[0.843s] copying package.xml -> /home/bprobst/ros2_ws/install/my_py_pkg/share/my_py_pkg
[0.843s] running install_egg_info
[0.844s] Copying ../../build/my_py_pkg/my_py_pkg.egg-info to /home/bprobst/ros2_ws/install/my_py_pkg/lib/python3.10/site-packages/my_py_pkg-0.0.0-py3.10.egg-info
[0.845s] running install_scripts
[0.860s] writing list of installed files to '/home/bprobst/ros2_ws/build/my_py_pkg/install.log'
[0.882s] Invoked command in '/home/bprobst/ros2_ws/src/my_py_pkg' returned '0': PYTHONPATH=/home/bprobst/ros2_ws/build/my_py_pkg/prefix_override:/home/bprobst/ros2_ws/install/my_py_pkg/lib/python3.10/site-packages:${PYTHONPATH} /usr/bin/python3 setup.py egg_info --egg-base ../../build/my_py_pkg build --build-base /home/bprobst/ros2_ws/build/my_py_pkg/build install --record /home/bprobst/ros2_ws/build/my_py_pkg/install.log --single-version-externally-managed
