[0.102s] Invoking command in '/home/bprobst/ros2_ws/build/my_cpp_pkg': CMAKE_PREFIX_PATH=/opt/ros/humble /usr/bin/cmake /home/bprobst/ros2_ws/src/my_cpp_pkg -DCMAKE_INSTALL_PREFIX=/home/bprobst/ros2_ws/install/my_cpp_pkg
[0.254s] -- The C compiler identification is GNU 11.4.0
[0.601s] -- The CXX compiler identification is GNU 11.4.0
[0.832s] -- Detecting C compiler ABI info
[0.949s] -- Detecting C compiler ABI info - done
[0.955s] -- Check for working C compiler: /usr/bin/cc - skipped
[0.955s] -- Detecting C compile features
[0.956s] -- Detecting C compile features - done
[0.959s] -- Detecting CXX compiler ABI info
[1.065s] -- Detecting CXX compiler ABI info - done
[1.071s] -- Check for working CXX compiler: /usr/bin/c++ - skipped
[1.071s] -- Detecting CXX compile features
[1.071s] -- Detecting CXX compile features - done
[1.075s] -- Found ament_cmake: 1.3.5 (/opt/ros/humble/share/ament_cmake/cmake)
[1.195s] -- Found Python3: /usr/bin/python3.10 (found version "3.10.12") found components: Interpreter 
[2.095s] [31mCMake Error at CMakeLists.txt:10 (find_package):
[2.095s]   By not providing "Findrlccpp.cmake" in CMAKE_MODULE_PATH this project has
[2.095s]   asked CMake to find a package configuration file provided by "rlccpp", but
[2.095s]   CMake did not find one.
[2.095s] 
[2.095s]   Could not find a package configuration file provided by "rlccpp" with any
[2.096s]   of the following names:
[2.096s] 
[2.096s]     rlccppConfig.cmake
[2.096s]     rlccpp-config.cmake
[2.096s] 
[2.096s]   Add the installation prefix of "rlccpp" to CMAKE_PREFIX_PATH or set
[2.096s]   "rlccpp_DIR" to a directory containing one of the above files.  If "rlccpp"
[2.096s]   provides a separate development package or SDK, be sure it has been
[2.096s]   installed.
[2.096s] 
[2.096s] [0m
[2.096s] -- Configuring incomplete, errors occurred!
[2.096s] See also "/home/bprobst/ros2_ws/build/my_cpp_pkg/CMakeFiles/CMakeOutput.log".
[2.100s] Invoked command in '/home/bprobst/ros2_ws/build/my_cpp_pkg' returned '1': CMAKE_PREFIX_PATH=/opt/ros/humble /usr/bin/cmake /home/bprobst/ros2_ws/src/my_cpp_pkg -DCMAKE_INSTALL_PREFIX=/home/bprobst/ros2_ws/install/my_cpp_pkg
