[0.052s] Invoking command in '/home/bprobst/ros2_ws/build/my_cpp_pkg': CMAKE_PREFIX_PATH=${CMAKE_PREFIX_PATH}:/home/bprobst/ros2_ws/install/my_py_pkg:/opt/ros/humble /usr/bin/cmake --build /home/bprobst/ros2_ws/build/my_cpp_pkg -- -j16 -l16
[0.093s] -- Found ament_cmake: 1.3.5 (/opt/ros/humble/share/ament_cmake/cmake)
[0.230s] -- Found rclcpp: 16.0.6 (/opt/ros/humble/share/rclcpp/cmake)
[0.362s] -- Found rosidl_generator_c: 3.1.5 (/opt/ros/humble/share/rosidl_generator_c/cmake)
[0.366s] -- Found rosidl_adapter: 3.1.5 (/opt/ros/humble/share/rosidl_adapter/cmake)
[0.376s] -- Found rosidl_generator_cpp: 3.1.5 (/opt/ros/humble/share/rosidl_generator_cpp/cmake)
[0.392s] -- Using all available rosidl_typesupport_c: rosidl_typesupport_fastrtps_c;rosidl_typesupport_introspection_c
[0.410s] -- Using all available rosidl_typesupport_cpp: rosidl_typesupport_fastrtps_cpp;rosidl_typesupport_introspection_cpp
[0.474s] -- Found rmw_implementation_cmake: 6.1.1 (/opt/ros/humble/share/rmw_implementation_cmake/cmake)
[0.478s] -- Found rmw_fastrtps_cpp: 6.2.4 (/opt/ros/humble/share/rmw_fastrtps_cpp/cmake)
[3.861s] -- Using RMW implementation 'rmw_fastrtps_cpp' as default
[4.077s] -- Configuring done
[4.096s] -- Generating done
[4.100s] -- Build files have been written to: /home/bprobst/ros2_ws/build/my_cpp_pkg
[4.126s] [ 50%] [32mBuilding CXX object CMakeFiles/cpp_node.dir/src/my_first_node.cpp.o[0m
[6.628s] [100%] [32m[1mLinking CXX executable cpp_node[0m
[6.789s] [100%] Built target cpp_node
[6.797s] Invoked command in '/home/bprobst/ros2_ws/build/my_cpp_pkg' returned '0': CMAKE_PREFIX_PATH=${CMAKE_PREFIX_PATH}:/home/bprobst/ros2_ws/install/my_py_pkg:/opt/ros/humble /usr/bin/cmake --build /home/bprobst/ros2_ws/build/my_cpp_pkg -- -j16 -l16
[6.819s] Invoking command in '/home/bprobst/ros2_ws/build/my_cpp_pkg': CMAKE_PREFIX_PATH=${CMAKE_PREFIX_PATH}:/home/bprobst/ros2_ws/install/my_py_pkg:/opt/ros/humble /usr/bin/cmake --install /home/bprobst/ros2_ws/build/my_cpp_pkg
[6.823s] -- Install configuration: ""
[6.824s] -- Installing: /home/bprobst/ros2_ws/install/my_cpp_pkg/lib/my_cpp_pkg/cpp_node
[6.824s] -- Set runtime path of "/home/bprobst/ros2_ws/install/my_cpp_pkg/lib/my_cpp_pkg/cpp_node" to ""
[6.825s] -- Up-to-date: /home/bprobst/ros2_ws/install/my_cpp_pkg/share/ament_index/resource_index/package_run_dependencies/my_cpp_pkg
[6.825s] -- Installing: /home/bprobst/ros2_ws/install/my_cpp_pkg/share/ament_index/resource_index/parent_prefix_path/my_cpp_pkg
[6.825s] -- Up-to-date: /home/bprobst/ros2_ws/install/my_cpp_pkg/share/my_cpp_pkg/environment/ament_prefix_path.sh
[6.825s] -- Installing: /home/bprobst/ros2_ws/install/my_cpp_pkg/share/my_cpp_pkg/environment/ament_prefix_path.dsv
[6.825s] -- Up-to-date: /home/bprobst/ros2_ws/install/my_cpp_pkg/share/my_cpp_pkg/environment/path.sh
[6.825s] -- Installing: /home/bprobst/ros2_ws/install/my_cpp_pkg/share/my_cpp_pkg/environment/path.dsv
[6.826s] -- Up-to-date: /home/bprobst/ros2_ws/install/my_cpp_pkg/share/my_cpp_pkg/local_setup.bash
[6.826s] -- Up-to-date: /home/bprobst/ros2_ws/install/my_cpp_pkg/share/my_cpp_pkg/local_setup.sh
[6.826s] -- Up-to-date: /home/bprobst/ros2_ws/install/my_cpp_pkg/share/my_cpp_pkg/local_setup.zsh
[6.826s] -- Installing: /home/bprobst/ros2_ws/install/my_cpp_pkg/share/my_cpp_pkg/local_setup.dsv
[6.826s] -- Installing: /home/bprobst/ros2_ws/install/my_cpp_pkg/share/my_cpp_pkg/package.dsv
[6.827s] -- Up-to-date: /home/bprobst/ros2_ws/install/my_cpp_pkg/share/ament_index/resource_index/packages/my_cpp_pkg
[6.827s] -- Up-to-date: /home/bprobst/ros2_ws/install/my_cpp_pkg/share/my_cpp_pkg/cmake/my_cpp_pkgConfig.cmake
[6.827s] -- Up-to-date: /home/bprobst/ros2_ws/install/my_cpp_pkg/share/my_cpp_pkg/cmake/my_cpp_pkgConfig-version.cmake
[6.827s] -- Up-to-date: /home/bprobst/ros2_ws/install/my_cpp_pkg/share/my_cpp_pkg/package.xml
[6.828s] Invoked command in '/home/bprobst/ros2_ws/build/my_cpp_pkg' returned '0': CMAKE_PREFIX_PATH=${CMAKE_PREFIX_PATH}:/home/bprobst/ros2_ws/install/my_py_pkg:/opt/ros/humble /usr/bin/cmake --install /home/bprobst/ros2_ws/build/my_cpp_pkg
