[0.116s] Invoking command in '/home/bprobst/ros2_ws/build/my_cpp_pkg': CMAKE_PREFIX_PATH=/opt/ros/humble /usr/bin/cmake /home/bprobst/ros2_ws/src/my_cpp_pkg -DCMAKE_INSTALL_PREFIX=/home/bprobst/ros2_ws/install/my_cpp_pkg
[0.126s] -- Found ament_cmake: 1.3.5 (/opt/ros/humble/share/ament_cmake/cmake)
[1.152s] [31mCMake Error at CMakeLists.txt:18 (find_package):
[1.153s]   By not providing "Findrlccpp.cmake" in CMAKE_MODULE_PATH this project has
[1.153s]   asked CMake to find a package configuration file provided by "rlccpp", but
[1.153s]   CMake did not find one.
[1.153s] 
[1.153s]   Could not find a package configuration file provided by "rlccpp" with any
[1.153s]   of the following names:
[1.153s] 
[1.153s]     rlccppConfig.cmake
[1.153s]     rlccpp-config.cmake
[1.153s] 
[1.153s]   Add the installation prefix of "rlccpp" to CMAKE_PREFIX_PATH or set
[1.153s]   "rlccpp_DIR" to a directory containing one of the above files.  If "rlccpp"
[1.153s]   provides a separate development package or SDK, be sure it has been
[1.153s]   installed.
[1.153s] 
[1.153s] [0m
[1.153s] -- Configuring incomplete, errors occurred!
[1.153s] See also "/home/bprobst/ros2_ws/build/my_cpp_pkg/CMakeFiles/CMakeOutput.log".
[1.156s] Invoked command in '/home/bprobst/ros2_ws/build/my_cpp_pkg' returned '1': CMAKE_PREFIX_PATH=/opt/ros/humble /usr/bin/cmake /home/bprobst/ros2_ws/src/my_cpp_pkg -DCMAKE_INSTALL_PREFIX=/home/bprobst/ros2_ws/install/my_cpp_pkg
