[0.495s] Invoking command in '/home/bprobst/ros2_ws/src/my_py_pkg': PYTHONPATH=/home/bprobst/ros2_ws/build/my_py_pkg/prefix_override:/home/bprobst/ros2_ws/install/my_py_pkg/lib/python3.10/site-packages:${PYTHONPATH} /usr/bin/python3 setup.py egg_info --egg-base ../../build/my_py_pkg build --build-base /home/bprobst/ros2_ws/build/my_py_pkg/build install --record /home/bprobst/ros2_ws/build/my_py_pkg/install.log --single-version-externally-managed
[0.653s] running egg_info
[0.654s] writing ../../build/my_py_pkg/my_py_pkg.egg-info/PKG-INFO
[0.654s] writing dependency_links to ../../build/my_py_pkg/my_py_pkg.egg-info/dependency_links.txt
[0.654s] writing entry points to ../../build/my_py_pkg/my_py_pkg.egg-info/entry_points.txt
[0.654s] writing requirements to ../../build/my_py_pkg/my_py_pkg.egg-info/requires.txt
[0.654s] writing top-level names to ../../build/my_py_pkg/my_py_pkg.egg-info/top_level.txt
[0.655s] reading manifest file '../../build/my_py_pkg/my_py_pkg.egg-info/SOURCES.txt'
[0.656s] writing manifest file '../../build/my_py_pkg/my_py_pkg.egg-info/SOURCES.txt'
[0.656s] running build
[0.656s] running build_py
[0.656s] copying my_py_pkg/my_first_node.py -> /home/bprobst/ros2_ws/build/my_py_pkg/build/lib/my_py_pkg
[0.657s] running install
[0.657s] running install_lib
[0.657s] copying /home/bprobst/ros2_ws/build/my_py_pkg/build/lib/my_py_pkg/my_first_node.py -> /home/bprobst/ros2_ws/install/my_py_pkg/lib/python3.10/site-packages/my_py_pkg
[0.657s] byte-compiling /home/bprobst/ros2_ws/install/my_py_pkg/lib/python3.10/site-packages/my_py_pkg/my_first_node.py to my_first_node.cpython-310.pyc
[0.658s] running install_data
[0.658s] running install_egg_info
[0.659s] removing '/home/bprobst/ros2_ws/install/my_py_pkg/lib/python3.10/site-packages/my_py_pkg-0.0.0-py3.10.egg-info' (and everything under it)
[0.660s] Copying ../../build/my_py_pkg/my_py_pkg.egg-info to /home/bprobst/ros2_ws/install/my_py_pkg/lib/python3.10/site-packages/my_py_pkg-0.0.0-py3.10.egg-info
[0.660s] running install_scripts
[0.674s] Installing py_node script to /home/bprobst/ros2_ws/install/my_py_pkg/lib/my_py_pkg
[0.675s] writing list of installed files to '/home/bprobst/ros2_ws/build/my_py_pkg/install.log'
[0.696s] Invoked command in '/home/bprobst/ros2_ws/src/my_py_pkg' returned '0': PYTHONPATH=/home/bprobst/ros2_ws/build/my_py_pkg/prefix_override:/home/bprobst/ros2_ws/install/my_py_pkg/lib/python3.10/site-packages:${PYTHONPATH} /usr/bin/python3 setup.py egg_info --egg-base ../../build/my_py_pkg build --build-base /home/bprobst/ros2_ws/build/my_py_pkg/build install --record /home/bprobst/ros2_ws/build/my_py_pkg/install.log --single-version-externally-managed
