[0.052s] Invoking command in '/home/bprobst/ros2_ws/build/my_cpp_pkg': CMAKE_PREFIX_PATH=${CMAKE_PREFIX_PATH}:/home/bprobst/ros2_ws/install/my_py_pkg:/opt/ros/humble /usr/bin/cmake --build /home/bprobst/ros2_ws/build/my_cpp_pkg -- -j16 -l16
[0.073s] Invoked command in '/home/bprobst/ros2_ws/build/my_cpp_pkg' returned '0': CMAKE_PREFIX_PATH=${CMAKE_PREFIX_PATH}:/home/bprobst/ros2_ws/install/my_py_pkg:/opt/ros/humble /usr/bin/cmake --build /home/bprobst/ros2_ws/build/my_cpp_pkg -- -j16 -l16
[0.091s] Invoking command in '/home/bprobst/ros2_ws/build/my_cpp_pkg': CMAKE_PREFIX_PATH=${CMAKE_PREFIX_PATH}:/home/bprobst/ros2_ws/install/my_py_pkg:/opt/ros/humble /usr/bin/cmake --install /home/bprobst/ros2_ws/build/my_cpp_pkg
[0.094s] -- Install configuration: ""
[0.095s] -- Up-to-date: /home/bprobst/ros2_ws/install/my_cpp_pkg/share/ament_index/resource_index/package_run_dependencies/my_cpp_pkg
[0.095s] -- Up-to-date: /home/bprobst/ros2_ws/install/my_cpp_pkg/share/ament_index/resource_index/parent_prefix_path/my_cpp_pkg
[0.095s] -- Up-to-date: /home/bprobst/ros2_ws/install/my_cpp_pkg/share/my_cpp_pkg/environment/ament_prefix_path.sh
[0.095s] -- Up-to-date: /home/bprobst/ros2_ws/install/my_cpp_pkg/share/my_cpp_pkg/environment/ament_prefix_path.dsv
[0.095s] -- Up-to-date: /home/bprobst/ros2_ws/install/my_cpp_pkg/share/my_cpp_pkg/environment/path.sh
[0.095s] -- Up-to-date: /home/bprobst/ros2_ws/install/my_cpp_pkg/share/my_cpp_pkg/environment/path.dsv
[0.095s] -- Up-to-date: /home/bprobst/ros2_ws/install/my_cpp_pkg/share/my_cpp_pkg/local_setup.bash
[0.095s] -- Up-to-date: /home/bprobst/ros2_ws/install/my_cpp_pkg/share/my_cpp_pkg/local_setup.sh
[0.095s] -- Up-to-date: /home/bprobst/ros2_ws/install/my_cpp_pkg/share/my_cpp_pkg/local_setup.zsh
[0.095s] -- Up-to-date: /home/bprobst/ros2_ws/install/my_cpp_pkg/share/my_cpp_pkg/local_setup.dsv
[0.096s] -- Installing: /home/bprobst/ros2_ws/install/my_cpp_pkg/share/my_cpp_pkg/package.dsv
[0.096s] -- Up-to-date: /home/bprobst/ros2_ws/install/my_cpp_pkg/share/ament_index/resource_index/packages/my_cpp_pkg
[0.096s] -- Up-to-date: /home/bprobst/ros2_ws/install/my_cpp_pkg/share/my_cpp_pkg/cmake/my_cpp_pkgConfig.cmake
[0.096s] -- Up-to-date: /home/bprobst/ros2_ws/install/my_cpp_pkg/share/my_cpp_pkg/cmake/my_cpp_pkgConfig-version.cmake
[0.096s] -- Up-to-date: /home/bprobst/ros2_ws/install/my_cpp_pkg/share/my_cpp_pkg/package.xml
[0.097s] Invoked command in '/home/bprobst/ros2_ws/build/my_cpp_pkg' returned '0': CMAKE_PREFIX_PATH=${CMAKE_PREFIX_PATH}:/home/bprobst/ros2_ws/install/my_py_pkg:/opt/ros/humble /usr/bin/cmake --install /home/bprobst/ros2_ws/build/my_cpp_pkg
