[0.050s] Invoking command in '/home/bprobst/ros2_ws/build/my_cpp_pkg': CMAKE_PREFIX_PATH=${CMAKE_PREFIX_PATH}:/home/bprobst/ros2_ws/install/my_py_pkg:/opt/ros/humble /usr/bin/cmake --build /home/bprobst/ros2_ws/build/my_cpp_pkg -- -j16 -l16
[0.077s] [35m[1mConsolidate compiler generated dependencies of target cpp_node[0m
[0.089s] [ 50%] [32mBuilding CXX object CMakeFiles/cpp_node.dir/src/my_first_node.cpp.o[0m
[2.433s] [100%] [32m[1mLinking CXX executable cpp_node[0m
[2.550s] [100%] Built target cpp_node
[2.557s] Invoked command in '/home/bprobst/ros2_ws/build/my_cpp_pkg' returned '0': CMAKE_PREFIX_PATH=${CMAKE_PREFIX_PATH}:/home/bprobst/ros2_ws/install/my_py_pkg:/opt/ros/humble /usr/bin/cmake --build /home/bprobst/ros2_ws/build/my_cpp_pkg -- -j16 -l16
[2.578s] Invoking command in '/home/bprobst/ros2_ws/build/my_cpp_pkg': CMAKE_PREFIX_PATH=${CMAKE_PREFIX_PATH}:/home/bprobst/ros2_ws/install/my_py_pkg:/opt/ros/humble /usr/bin/cmake --install /home/bprobst/ros2_ws/build/my_cpp_pkg
[2.582s] -- Install configuration: ""
[2.582s] -- Installing: /home/bprobst/ros2_ws/install/my_cpp_pkg/lib/my_cpp_pkg/cpp_node
[2.583s] -- Set runtime path of "/home/bprobst/ros2_ws/install/my_cpp_pkg/lib/my_cpp_pkg/cpp_node" to ""
[2.583s] -- Up-to-date: /home/bprobst/ros2_ws/install/my_cpp_pkg/share/ament_index/resource_index/package_run_dependencies/my_cpp_pkg
[2.583s] -- Up-to-date: /home/bprobst/ros2_ws/install/my_cpp_pkg/share/ament_index/resource_index/parent_prefix_path/my_cpp_pkg
[2.583s] -- Up-to-date: /home/bprobst/ros2_ws/install/my_cpp_pkg/share/my_cpp_pkg/environment/ament_prefix_path.sh
[2.583s] -- Up-to-date: /home/bprobst/ros2_ws/install/my_cpp_pkg/share/my_cpp_pkg/environment/ament_prefix_path.dsv
[2.583s] -- Up-to-date: /home/bprobst/ros2_ws/install/my_cpp_pkg/share/my_cpp_pkg/environment/path.sh
[2.583s] -- Up-to-date: /home/bprobst/ros2_ws/install/my_cpp_pkg/share/my_cpp_pkg/environment/path.dsv
[2.584s] -- Up-to-date: /home/bprobst/ros2_ws/install/my_cpp_pkg/share/my_cpp_pkg/local_setup.bash
[2.584s] -- Up-to-date: /home/bprobst/ros2_ws/install/my_cpp_pkg/share/my_cpp_pkg/local_setup.sh
[2.584s] -- Up-to-date: /home/bprobst/ros2_ws/install/my_cpp_pkg/share/my_cpp_pkg/local_setup.zsh
[2.584s] -- Up-to-date: /home/bprobst/ros2_ws/install/my_cpp_pkg/share/my_cpp_pkg/local_setup.dsv
[2.584s] -- Installing: /home/bprobst/ros2_ws/install/my_cpp_pkg/share/my_cpp_pkg/package.dsv
[2.584s] -- Up-to-date: /home/bprobst/ros2_ws/install/my_cpp_pkg/share/ament_index/resource_index/packages/my_cpp_pkg
[2.584s] -- Up-to-date: /home/bprobst/ros2_ws/install/my_cpp_pkg/share/my_cpp_pkg/cmake/my_cpp_pkgConfig.cmake
[2.585s] -- Up-to-date: /home/bprobst/ros2_ws/install/my_cpp_pkg/share/my_cpp_pkg/cmake/my_cpp_pkgConfig-version.cmake
[2.585s] -- Up-to-date: /home/bprobst/ros2_ws/install/my_cpp_pkg/share/my_cpp_pkg/package.xml
[2.586s] Invoked command in '/home/bprobst/ros2_ws/build/my_cpp_pkg' returned '0': CMAKE_PREFIX_PATH=${CMAKE_PREFIX_PATH}:/home/bprobst/ros2_ws/install/my_py_pkg:/opt/ros/humble /usr/bin/cmake --install /home/bprobst/ros2_ws/build/my_cpp_pkg
